Using pre-set license
Built from '2020.3/release' branch; Version is '2020.3.27f1 (e759542391ea) revision 15161684'; Using compiler version '192528614'; Build Type 'Release'
OS: 'Windows 10  (10.0.19043) 64bit Education' Language: 'en' Physical Memory: 8072 MB
BatchMode: 1, IsHumanControllingUs: 0, StartBugReporterOnCrash: 0, Is64bit: 1, IsPro: 0

COMMAND LINE ARGUMENTS:
C:\Program Files\Unity\Hub\Editor\2020.3.27f1\Editor\Unity.exe
-adb2
-batchMode
-noUpm
-name
AssetImportWorker0
-projectPath
C:/Users/whitcombedl18/My project
-logFile
Logs/AssetImportWorker0.log
-srvPort
57115
Successfully changed project path to: C:/Users/whitcombedl18/My project
C:/Users/whitcombedl18/My project
Using Asset Import Pipeline V2.
Refreshing native plugins compatible for Editor in 48.82 ms, found 2 plugins.
Preloading 0 native plugins for Editor in 0.00 ms.
Initialize engine version: 2020.3.27f1 (e759542391ea)
[Subsystems] Discovering subsystems at path C:/Program Files/Unity/Hub/Editor/2020.3.27f1/Editor/Data/Resources/UnitySubsystems
[Subsystems] Discovering subsystems at path C:/Users/whitcombedl18/My project/Assets
GfxDevice: creating device client; threaded=0
Direct3D:
    Version:  Direct3D 11.0 [level 11.1]
    Renderer: Intel(R) HD Graphics 530 (ID=0x1912)
    Vendor:   
    VRAM:     4036 MB
    Driver:   26.20.100.7262
Initialize mono
Mono path[0] = 'C:/Program Files/Unity/Hub/Editor/2020.3.27f1/Editor/Data/Managed'
Mono path[1] = 'C:/Program Files/Unity/Hub/Editor/2020.3.27f1/Editor/Data/MonoBleedingEdge/lib/mono/unityjit'
Mono config path = 'C:/Program Files/Unity/Hub/Editor/2020.3.27f1/Editor/Data/MonoBleedingEdge/etc'
Using monoOptions --debugger-agent=transport=dt_socket,embedding=1,server=y,suspend=n,address=127.0.0.1:56196
Begin MonoManager ReloadAssembly
Registering precompiled unity dll's ...
Register platform support module: C:/Program Files/Unity/Hub/Editor/2020.3.27f1/Editor/Data/PlaybackEngines/WindowsStandaloneSupport/UnityEditor.WindowsStandalone.Extensions.dll
Registered in 0.002494 seconds.
Native extension for WindowsStandalone target not found
Refreshing native plugins compatible for Editor in 40.71 ms, found 2 plugins.
Preloading 0 native plugins for Editor in 0.00 ms.
Mono: successfully reloaded assembly
- Completed reload, in  0.669 seconds
Domain Reload Profiling:
	ReloadAssembly (669ms)
		BeginReloadAssembly (84ms)
			ExecutionOrderSort (0ms)
			DisableScriptedObjects (0ms)
			BackupInstance (0ms)
			ReleaseScriptingObjects (0ms)
			CreateAndSetChildDomain (1ms)
		EndReloadAssembly (502ms)
			LoadAssemblies (82ms)
			RebuildTransferFunctionScriptingTraits (0ms)
			SetupTypeCache (164ms)
			ReleaseScriptCaches (0ms)
			RebuildScriptCaches (32ms)
			SetupLoadedEditorAssemblies (176ms)
				LogAssemblyErrors (0ms)
				InitializePlatformSupportModulesInManaged (5ms)
				SetLoadedEditorAssemblies (0ms)
				RefreshPlugins (41ms)
				BeforeProcessingInitializeOnLoad (9ms)
				ProcessInitializeOnLoadAttributes (91ms)
				ProcessInitializeOnLoadMethodAttributes (30ms)
				AfterProcessingInitializeOnLoad (0ms)
				EditorAssembliesLoaded (0ms)
			ExecutionOrderSort2 (0ms)
			AwakeInstancesAfterBackupRestoration (0ms)
Platform modules already initialized, skipping
Registering precompiled user dll's ...
Registered in 0.006636 seconds.
Begin MonoManager ReloadAssembly
Native extension for WindowsStandalone target not found
Refreshing native plugins compatible for Editor in 0.48 ms, found 2 plugins.
Preloading 0 native plugins for Editor in 0.00 ms.
Mono: successfully reloaded assembly
- Completed reload, in  1.178 seconds
Domain Reload Profiling:
	ReloadAssembly (1179ms)
		BeginReloadAssembly (175ms)
			ExecutionOrderSort (0ms)
			DisableScriptedObjects (5ms)
			BackupInstance (0ms)
			ReleaseScriptingObjects (0ms)
			CreateAndSetChildDomain (21ms)
		EndReloadAssembly (936ms)
			LoadAssemblies (146ms)
			RebuildTransferFunctionScriptingTraits (0ms)
			SetupTypeCache (328ms)
			ReleaseScriptCaches (0ms)
			RebuildScriptCaches (45ms)
			SetupLoadedEditorAssemblies (337ms)
				LogAssemblyErrors (0ms)
				InitializePlatformSupportModulesInManaged (5ms)
				SetLoadedEditorAssemblies (1ms)
				RefreshPlugins (1ms)
				BeforeProcessingInitializeOnLoad (73ms)
				ProcessInitializeOnLoadAttributes (241ms)
				ProcessInitializeOnLoadMethodAttributes (10ms)
				AfterProcessingInitializeOnLoad (7ms)
				EditorAssembliesLoaded (0ms)
			ExecutionOrderSort2 (0ms)
			AwakeInstancesAfterBackupRestoration (7ms)
Platform modules already initialized, skipping
========================================================================
Worker process is ready to serve import requests
Launched and connected shader compiler UnityShaderCompiler.exe after 0.10 seconds
Refreshing native plugins compatible for Editor in 0.49 ms, found 2 plugins.
Preloading 0 native plugins for Editor in 0.00 ms.
Unloading 1863 Unused Serialized files (Serialized files now loaded: 0)
System memory in use before: 96.1 MB.
System memory in use after: 96.1 MB.

Unloading 20 unused Assets to reduce memory usage. Loaded Objects now: 2313.
Total: 4.604100 ms (FindLiveObjects: 0.737100 ms CreateObjectMapping: 0.263600 ms MarkObjects: 3.384300 ms  DeleteObjects: 0.217900 ms)

AssetImportParameters requested are different than current active one (requested -> active):
  custom:framework-win-MediaFoundation: 216162199b28c13a410421893ffa2e32 -> 
  custom:video-decoder-ogg-theora: a1e56fd34408186e4bbccfd4996cb3dc -> 
  custom:container-muxer-webm: aa71ff27fc2769a1b78a27578f13a17b -> 
  custom:container-demuxer-webm: 4f35f7cbe854078d1ac9338744f61a02 -> 
  custom:container-demuxer-ogg: 62fdf1f143b41e24485cea50d1cbac27 -> 
  custom:video-encoder-webm-vp8: eb34c28f22e8b96e1ab97ce403110664 -> 
  custom:video-decoder-webm-vp8: 9c59270c3fd7afecdb556c50c9e8de78 -> 
  custom:audio-decoder-ogg-vorbis: bf7c407c2cedff20999df2af8eb42d56 -> 
  custom:audio-encoder-webm-vorbis: bf7c407c2cedff20999df2af8eb42d56 -> 
========================================================================
Received Import Request.
  path: Assets/Scenes/NewLayer 1.terrainlayer
  artifactKey: Guid(9288280549e62c442a86b262212eea34) Importer(815301076,1909f56bfc062723c751e8b465ee728b)
Start importing Assets/Scenes/NewLayer 1.terrainlayer using Guid(9288280549e62c442a86b262212eea34) Importer(815301076,1909f56bfc062723c751e8b465ee728b)  -> (artifact id: '208ef76e9d213b3ddc5daaa6106d437e') in 0.117582 seconds 
  Import took 0.125390 seconds .

========================================================================
Received Import Request.
  Time since last request: 0.000223 seconds.
  path: Assets/Scenes/Scene2.unity
  artifactKey: Guid(813340299b35dd94ebf75d1ae263f3ba) Importer(815301076,1909f56bfc062723c751e8b465ee728b)
Start importing Assets/Scenes/Scene2.unity using Guid(813340299b35dd94ebf75d1ae263f3ba) Importer(815301076,1909f56bfc062723c751e8b465ee728b)  -> (artifact id: '5202c0fc7f0dbad44e0d9b5cded079f2') in 0.011977 seconds 
  Import took 0.020247 seconds .

========================================================================
Received Import Request.
  Time since last request: 76.248977 seconds.
  path: Assets/Scenes/SCene3.unity
  artifactKey: Guid(8281e1ce06799844b99e828293a2b158) Importer(815301076,1909f56bfc062723c751e8b465ee728b)
Start importing Assets/Scenes/SCene3.unity using Guid(8281e1ce06799844b99e828293a2b158) Importer(815301076,1909f56bfc062723c751e8b465ee728b)  -> (artifact id: '3cc9aee5f36e066d1e1c396bf085a6b6') in 0.019293 seconds 
  Import took 0.027331 seconds .

========================================================================
Received Import Request.
  Time since last request: 709.453268 seconds.
  path: Assets/Scenes/SCene3.unity
  artifactKey: Guid(8281e1ce06799844b99e828293a2b158) Importer(815301076,1909f56bfc062723c751e8b465ee728b)
Start importing Assets/Scenes/SCene3.unity using Guid(8281e1ce06799844b99e828293a2b158) Importer(815301076,1909f56bfc062723c751e8b465ee728b)  -> (artifact id: '465e3ef491b079781efb7c416616a00f') in 0.012774 seconds 
  Import took 0.020996 seconds .

========================================================================
Received Import Request.
  Time since last request: 118.768880 seconds.
  path: Assets/Scenes/Tree.prefab
  artifactKey: Guid(54fe17db12bb512469d6881cf37c3a2a) Importer(815301076,1909f56bfc062723c751e8b465ee728b)
Start importing Assets/Scenes/Tree.prefab using Guid(54fe17db12bb512469d6881cf37c3a2a) Importer(815301076,1909f56bfc062723c751e8b465ee728b)  -> (artifact id: 'f6bc5ad3ebabcc5db598611b15c21c36') in 0.045166 seconds 
  Import took 0.055350 seconds .

========================================================================
Received Import Request.
  Time since last request: 10.253717 seconds.
  path: Assets/Scenes/Tree.prefab
  artifactKey: Guid(54fe17db12bb512469d6881cf37c3a2a) Importer(815301076,1909f56bfc062723c751e8b465ee728b)
Start importing Assets/Scenes/Tree.prefab using Guid(54fe17db12bb512469d6881cf37c3a2a) Importer(815301076,1909f56bfc062723c751e8b465ee728b)  -> (artifact id: '3e36cc9f93b47f57eaace2df363f934f') in 0.021448 seconds 
  Import took 0.029312 seconds .

========================================================================
Received Import Request.
  Time since last request: 2.507800 seconds.
  path: Assets/Scenes/Tree.prefab
  artifactKey: Guid(54fe17db12bb512469d6881cf37c3a2a) Importer(815301076,1909f56bfc062723c751e8b465ee728b)
Start importing Assets/Scenes/Tree.prefab using Guid(54fe17db12bb512469d6881cf37c3a2a) Importer(815301076,1909f56bfc062723c751e8b465ee728b)  -> (artifact id: 'f80b864a089c404b0b10011539720672') in 0.013347 seconds 
  Import took 0.020122 seconds .

========================================================================
Received Import Request.
  Time since last request: 1.796939 seconds.
  path: Assets/Scenes/Tree.prefab
  artifactKey: Guid(54fe17db12bb512469d6881cf37c3a2a) Importer(815301076,1909f56bfc062723c751e8b465ee728b)
Start importing Assets/Scenes/Tree.prefab using Guid(54fe17db12bb512469d6881cf37c3a2a) Importer(815301076,1909f56bfc062723c751e8b465ee728b)  -> (artifact id: '539e0f90cc1bf31d15d68db1f9edd3e2') in 0.014141 seconds 
  Import took 0.021488 seconds .

========================================================================
Received Import Request.
  Time since last request: 1.623152 seconds.
  path: Assets/Scenes/Tree.prefab
  artifactKey: Guid(54fe17db12bb512469d6881cf37c3a2a) Importer(815301076,1909f56bfc062723c751e8b465ee728b)
Start importing Assets/Scenes/Tree.prefab using Guid(54fe17db12bb512469d6881cf37c3a2a) Importer(815301076,1909f56bfc062723c751e8b465ee728b)  -> (artifact id: '4bb4440b6242fda995e319cb53383a05') in 0.014466 seconds 
  Import took 0.019653 seconds .

========================================================================
Received Import Request.
  Time since last request: 319.037102 seconds.
  path: Assets/Scenes/NewLayer 2.terrainlayer
  artifactKey: Guid(f003d116f5ac2e84088ee420ddd6b831) Importer(815301076,1909f56bfc062723c751e8b465ee728b)
Start importing Assets/Scenes/NewLayer 2.terrainlayer using Guid(f003d116f5ac2e84088ee420ddd6b831) Importer(815301076,1909f56bfc062723c751e8b465ee728b)  -> (artifact id: '8f0c0cea2986c1ddfe78a769e1cf27c0') in 0.044594 seconds 
  Import took 0.052735 seconds .

AssetImportWorkerClient::OnTransportError - code=2 error=End of file
